d:\imgui-docking\examples\example_glfw_opengl3\debug\vc143.pdb
d:\imgui-docking\examples\example_glfw_opengl3\debug\vc143.idb
d:\imgui-docking\examples\example_glfw_opengl3\debug\rect.obj
d:\imgui-docking\examples\example_glfw_opengl3\debug\player.obj
d:\imgui-docking\examples\example_glfw_opengl3\debug\main.obj
d:\imgui-docking\examples\example_glfw_opengl3\debug\imgui_impl_opengl3.obj
d:\imgui-docking\examples\example_glfw_opengl3\debug\imgui_impl_glfw.obj
d:\imgui-docking\examples\example_glfw_opengl3\debug\imgui_widgets.obj
d:\imgui-docking\examples\example_glfw_opengl3\debug\imgui_tables.obj
d:\imgui-docking\examples\example_glfw_opengl3\debug\imgui_draw.obj
d:\imgui-docking\examples\example_glfw_opengl3\debug\imgui_demo.obj
d:\imgui-docking\examples\example_glfw_opengl3\debug\imgui.obj
d:\imgui-docking\examples\example_glfw_opengl3\debug\c++game.exe
d:\imgui-docking\examples\example_glfw_opengl3\debug\c++game.ilk
d:\imgui-docking\examples\example_glfw_opengl3\debug\c++game.pdb
d:\imgui-docking\examples\example_glfw_opengl3\debug\final.vcxproj.filelistabsolute.txt
d:\imgui-docking\examples\example_glfw_opengl3\debug\c++game.tlog\cl.command.1.tlog
d:\imgui-docking\examples\example_glfw_opengl3\debug\c++game.tlog\cl.read.1.tlog
d:\imgui-docking\examples\example_glfw_opengl3\debug\c++game.tlog\cl.write.1.tlog
d:\imgui-docking\examples\example_glfw_opengl3\debug\c++game.tlog\link.command.1.tlog
d:\imgui-docking\examples\example_glfw_opengl3\debug\c++game.tlog\link.read.1.tlog
d:\imgui-docking\examples\example_glfw_opengl3\debug\c++game.tlog\link.write.1.tlog
