D:\vs2022\MSBuild\Microsoft\VC\v170\Microsoft.CppBuild.targets(534,5): warning MSB8028: The intermediate directory (D:\VS2022gameproject\GameGLWFopengl\examples\example_glfw_opengl3\Debug\) contains files shared from another project (example_glfw_opengl3.vcxproj).  This can lead to incorrect clean and rebuild behavior.
  imgui.cpp
  imgui_demo.cpp
  imgui_draw.cpp
  imgui_tables.cpp
  imgui_widgets.cpp
  imgui_impl_glfw.cpp
  imgui_impl_opengl3.cpp
  main.cpp
D:\VS2022gameproject\GameGLWFopengl\examples\example_glfw_opengl3\main.cpp(133,12): warning C4189: 'playerrotzz': local variable is initialized but not referenced
D:\VS2022gameproject\GameGLWFopengl\examples\example_glfw_opengl3\main.cpp(131,12): warning C4189: 'playerrotyy': local variable is initialized but not referenced
D:\VS2022gameproject\GameGLWFopengl\examples\example_glfw_opengl3\main.cpp(129,12): warning C4189: 'playerrotxx': local variable is initialized but not referenced
  player.cpp
  rect.cpp
D:\VS2022gameproject\GameGLWFopengl\examples\example_glfw_opengl3\rect.cpp(63,46): warning C4244: 'argument': conversion from 'double' to 'GLfloat', possible loss of data
D:\VS2022gameproject\GameGLWFopengl\examples\example_glfw_opengl3\rect.cpp(63,15): warning C4244: 'argument': conversion from 'double' to 'GLfloat', possible loss of data
D:\VS2022gameproject\GameGLWFopengl\examples\example_glfw_opengl3\rect.cpp(64,34): warning C4244: 'argument': conversion from 'double' to 'GLfloat', possible loss of data
D:\VS2022gameproject\GameGLWFopengl\examples\example_glfw_opengl3\rect.cpp(64,15): warning C4244: 'argument': conversion from 'double' to 'GLfloat', possible loss of data
D:\VS2022gameproject\GameGLWFopengl\examples\example_glfw_opengl3\rect.cpp(74,36): warning C4305: 'argument': truncation from 'double' to 'GLclampf'
D:\VS2022gameproject\GameGLWFopengl\examples\example_glfw_opengl3\rect.cpp(66,40): warning C4100: 'floater': unreferenced formal parameter
  Generating Code...
  FINAL.vcxproj -> D:\VS2022gameproject\GameGLWFopengl\examples\example_glfw_opengl3\Debug\c++game.exe
